<?xml version="1.0" encoding="UTF-8"?>
<!-- Generated by org.testng.reporters.JUnitXMLReporter -->
<testsuite ignored="0" hostname="DESKTOP-QNHJ5Q7" failures="0" tests="4" name="Test" time="71.98" errors="0" timestamp="2022-11-02T00:11:10 PDT">
  <testcase classname="dataDrivenTest.NOPComLogin" name="verifyLoginWithInValidUserDetails" time="11.515"/>
  <testcase classname="dataDrivenTest.NOPComLogin" name="verifyLoginWithInValidUserDetails" time="11.611"/>
  <testcase classname="dataDrivenTest.NOPComLogin" name="verifyLoginWithInValidUserDetails" time="11.329"/>
  <testcase classname="dataDrivenTest.NOPComLogin" name="verifyLoginWithInValidUserDetails" time="11.332"/>
</testsuite> <!-- Test -->
