<?xml version="1.0" encoding="UTF-8"?>
<testsuite xmlns:xsi="http://www.w3.org/2001/XMLSchema-instance" xsi:noNamespaceSchemaLocation="https://maven.apache.org/surefire/maven-surefire-plugin/xsd/surefire-test-report-3.0.xsd" version="3.0" name="TestSuite" time="72.912" tests="4" errors="0" skipped="0" failures="0">
  <properties>
[...]
</properties>
  <testcase name="verifyLoginWithInValidUserDetails[AshwiniRegression@gmail.com, demo@123](1)" classname="dataDrivenTest.NOPComLogin" time="11.495">
    <system-out><![CDATA[ INFO [main] (BaseTest.java:36)- launching chrome browser.
 INFO [main] (BaseTest.java:46)- launching Application: https://admin-demo.nopcommerce.com/login?ReturnUrl=%2Fadmin%2F
 INFO [main] (NOPComLogin.java:19)- clear text from username field.
 INFO [main] (NOPComLogin.java:23)- enter value into username: AshwiniRegression@gmail.com
 INFO [main] (NOPComLogin.java:29)- clear text from password field.
 INFO [main] (NOPComLogin.java:33)- enter value into password: demo@123
 INFO [main] (NOPComLogin.java:39)- click on checkbox
 INFO [main] (NOPComLogin.java:45)- click on Login button.
 INFO [main] (NOPComLogin.java:53)- Validation of error message for invalid user.
]]></system-out>
    <system-err><![CDATA[SLF4J: Failed to load class "org.slf4j.impl.StaticLoggerBinder".
SLF4J: Defaulting to no-operation (NOP) logger implementation
SLF4J: See http://www.slf4j.org/codes.html#StaticLoggerBinder for further details.
Starting ChromeDriver 106.0.5249.61 (511755355844955cd3e264779baf0dd38212a4d0-refs/branch-heads/5249@{#569}) on port 47132
Only local connections are allowed.
Please see https://chromedriver.chromium.org/security-considerations for suggestions on keeping ChromeDriver safe.
ChromeDriver was started successfully.
Nov 02, 2022 12:10:03 AM org.openqa.selenium.remote.ProtocolHandshake createSession
INFO: Detected dialect: W3C
]]></system-err>
  </testcase>
  <testcase name="verifyLoginWithInValidUserDetails[DeepikaRegression@yahoomail.com, 23129900](2)" classname="dataDrivenTest.NOPComLogin" time="11.61">
    <system-out><![CDATA[ INFO [main] (NOPComLogin.java:19)- clear text from username field.
 INFO [main] (NOPComLogin.java:23)- enter value into username: DeepikaRegression@yahoomail.com
 INFO [main] (NOPComLogin.java:29)- clear text from password field.
 INFO [main] (NOPComLogin.java:33)- enter value into password: 23129900
 INFO [main] (NOPComLogin.java:39)- click on checkbox
 INFO [main] (NOPComLogin.java:45)- click on Login button.
 INFO [main] (NOPComLogin.java:53)- Validation of error message for invalid user.
]]></system-out>
  </testcase>
  <testcase name="verifyLoginWithInValidUserDetails[nehaRegression@ibm.com, welcome@123](3)" classname="dataDrivenTest.NOPComLogin" time="11.33">
    <system-out><![CDATA[ INFO [main] (NOPComLogin.java:19)- clear text from username field.
 INFO [main] (NOPComLogin.java:23)- enter value into username: nehaRegression@ibm.com
 INFO [main] (NOPComLogin.java:29)- clear text from password field.
 INFO [main] (NOPComLogin.java:33)- enter value into password: welcome@123
 INFO [main] (NOPComLogin.java:39)- click on checkbox
 INFO [main] (NOPComLogin.java:45)- click on Login button.
 INFO [main] (NOPComLogin.java:53)- Validation of error message for invalid user.
]]></system-out>
  </testcase>
  <testcase name="verifyLoginWithInValidUserDetails[BhavanaRegression@ibm.com, welcome@123](4)" classname="dataDrivenTest.NOPComLogin" time="11.335">
    <system-out><![CDATA[ INFO [main] (NOPComLogin.java:19)- clear text from username field.
 INFO [main] (NOPComLogin.java:23)- enter value into username: BhavanaRegression@ibm.com
 INFO [main] (NOPComLogin.java:29)- clear text from password field.
 INFO [main] (NOPComLogin.java:33)- enter value into password: welcome@123
 INFO [main] (NOPComLogin.java:39)- click on checkbox
 INFO [main] (NOPComLogin.java:45)- click on Login button.
 INFO [main] (NOPComLogin.java:53)- Validation of error message for invalid user.
]]></system-out>
  </testcase>
</testsuite>