<?xml version="1.0" encoding="UTF-8"?>
<testng-results ignored="0" total="4" passed="4" failed="0" skipped="0">
  <reporter-output>
  </reporter-output>
  <suite started-at="2022-11-02T00:09:58 PDT" name="Suite" finished-at="2022-11-02T00:11:10 PDT" duration-ms="71980">
    <groups>
    </groups>
    <test started-at="2022-11-02T00:09:58 PDT" name="Test" finished-at="2022-11-02T00:11:10 PDT" duration-ms="71980">
      <class name="dataDrivenTest.NOPComLogin">
        <test-method is-config="true" signature="launchApp()[pri:0, instance:dataDrivenTest.NOPComLogin@201a4587]" started-at="2022-11-02T00:09:58 PDT" name="launchApp" finished-at="2022-11-02T00:10:04 PDT" duration-ms="5815" status="PASS">
          <reporter-output>
          </reporter-output>
        </test-method> <!-- launchApp -->
        <test-method signature="verifyLoginWithInValidUserDetails(java.lang.String,java.lang.String)[pri:1, instance:dataDrivenTest.NOPComLogin@201a4587]" started-at="2022-11-02T00:10:04 PDT" name="verifyLoginWithInValidUserDetails" data-provider="regressionData" finished-at="2022-11-02T00:10:15 PDT" duration-ms="11515" status="PASS">
          <params>
            <param index="0">
              <value>
                <![CDATA[AshwiniRegression@gmail.com]]>
              </value>
            </param>
            <param index="1">
              <value>
                <![CDATA[demo@123]]>
              </value>
            </param>
          </params>
          <reporter-output>
          </reporter-output>
        </test-method> <!-- verifyLoginWithInValidUserDetails -->
        <test-method signature="verifyLoginWithInValidUserDetails(java.lang.String,java.lang.String)[pri:1, instance:dataDrivenTest.NOPComLogin@201a4587]" started-at="2022-11-02T00:10:15 PDT" name="verifyLoginWithInValidUserDetails" data-provider="regressionData" finished-at="2022-11-02T00:10:27 PDT" duration-ms="11611" status="PASS">
          <params>
            <param index="0">
              <value>
                <![CDATA[DeepikaRegression@yahoomail.com]]>
              </value>
            </param>
            <param index="1">
              <value>
                <![CDATA[23129900]]>
              </value>
            </param>
          </params>
          <reporter-output>
          </reporter-output>
        </test-method> <!-- verifyLoginWithInValidUserDetails -->
        <test-method signature="verifyLoginWithInValidUserDetails(java.lang.String,java.lang.String)[pri:1, instance:dataDrivenTest.NOPComLogin@201a4587]" started-at="2022-11-02T00:10:27 PDT" name="verifyLoginWithInValidUserDetails" data-provider="regressionData" finished-at="2022-11-02T00:10:38 PDT" duration-ms="11329" status="PASS">
          <params>
            <param index="0">
              <value>
                <![CDATA[nehaRegression@ibm.com]]>
              </value>
            </param>
            <param index="1">
              <value>
                <![CDATA[welcome@123]]>
              </value>
            </param>
          </params>
          <reporter-output>
          </reporter-output>
        </test-method> <!-- verifyLoginWithInValidUserDetails -->
        <test-method signature="verifyLoginWithInValidUserDetails(java.lang.String,java.lang.String)[pri:1, instance:dataDrivenTest.NOPComLogin@201a4587]" started-at="2022-11-02T00:10:38 PDT" name="verifyLoginWithInValidUserDetails" data-provider="regressionData" finished-at="2022-11-02T00:10:50 PDT" duration-ms="11332" status="PASS">
          <params>
            <param index="0">
              <value>
                <![CDATA[BhavanaRegression@ibm.com]]>
              </value>
            </param>
            <param index="1">
              <value>
                <![CDATA[welcome@123]]>
              </value>
            </param>
          </params>
          <reporter-output>
          </reporter-output>
        </test-method> <!-- verifyLoginWithInValidUserDetails -->
        <test-method is-config="true" signature="closeApp()[pri:0, instance:dataDrivenTest.NOPComLogin@201a4587]" started-at="2022-11-02T00:10:50 PDT" name="closeApp" finished-at="2022-11-02T00:11:10 PDT" duration-ms="20293" status="PASS">
          <reporter-output>
          </reporter-output>
        </test-method> <!-- closeApp -->
      </class> <!-- dataDrivenTest.NOPComLogin -->
    </test> <!-- Test -->
  </suite> <!-- Suite -->
</testng-results>
